<?xml version="1.0" encoding="utf-8"?><testsuites name="pytest tests"><testsuite name="pytest" errors="0" failures="3" skipped="1" tests="22" time="1.311" timestamp="2026-05-25T12:19:58.244194+00:00" hostname="agent-env-4abf6921-e435-405b-a651-81e7d6543d8f"><testcase classname="tests.test_full_audit_iter12.TestPaiementIntegrite" name="test_paiement_sans_facture_returns_422" time="0.234" /><testcase classname="tests.test_full_audit_iter12.TestPaiementIntegrite" name="test_paiement_facture_inexistante_returns_404" time="0.004" /><testcase classname="tests.test_full_audit_iter12.TestPaiementIntegrite" name="test_paiement_somme_affectee_superieure_montant_total_400" time="0.011" /><testcase classname="tests.test_full_audit_iter12.TestPaiementIntegrite" name="test_aucun_paiement_orphelin_en_bdd" time="0.004"><failure message="AssertionError: Paiements orphelins trouvés: 2&#10;assert not [{'banque': None, 'client_id': 'cli_7c00cab96175', 'client_nom': 'GROUPE SCOLAIRE SENEVE', 'created_at': '2026-05-25T12:16:23.491292+00:00', ...}, {'banque': None, 'client_id': 'cli_0651c3c93241', 'client_nom': 'eloka', 'created_at': '2026-05-25T12:16:37.424172+00:00', ...}]">tests/test_full_audit_iter12.py:103: in test_aucun_paiement_orphelin_en_bdd
    assert not orphelins, f"Paiements orphelins trouvés: {len(orphelins)}"
E   AssertionError: Paiements orphelins trouvés: 2
E   assert not [{'banque': None, 'client_id': 'cli_7c00cab96175', 'client_nom': 'GROUPE SCOLAIRE SENEVE', 'created_at': '2026-05-25T12:16:23.491292+00:00', ...}, {'banque': None, 'client_id': 'cli_0651c3c93241', 'client_nom': 'eloka', 'created_at': '2026-05-25T12:16:37.424172+00:00', ...}]</failure></testcase><testcase classname="tests.test_full_audit_iter12.TestFactureIntegrite" name="test_toutes_factures_ont_commande_id_ou_origine" time="0.009" /><testcase classname="tests.test_full_audit_iter12.TestFactureIntegrite" name="test_factures_list_contient_champs_enrichis" time="0.009" /><testcase classname="tests.test_full_audit_iter12.TestCalculs" name="test_montant_ligne_avec_remise" time="0.015" /><testcase classname="tests.test_full_audit_iter12.TestCalculs" name="test_remise_globale_10_percent" time="0.010" /><testcase classname="tests.test_full_audit_iter12.TestCalculs" name="test_tva_18_percent_sur_facture" time="0.033"><failure message="AssertionError: Facture non auto-générée&#10;assert []">tests/test_full_audit_iter12.py:228: in test_tva_18_percent_sur_facture
    assert fac, "Facture non auto-générée"
E   AssertionError: Facture non auto-générée
E   assert []</failure></testcase><testcase classname="tests.test_full_audit_iter12.TestStockWorkflow" name="test_stock_decremente_puis_reincremente_atomique" time="0.037"><failure message="assert []">tests/test_full_audit_iter12.py:285: in test_stock_decremente_puis_reincremente_atomique
    assert fac
E   assert []</failure></testcase><testcase classname="tests.test_full_audit_iter12.TestValidationDG" name="test_commande_grosse_montant_necessite_dg" time="0.241"><skipped type="pytest.skip" message="Pas de produit avec assez de stock pour seuil 500k">/app/backend/tests/test_full_audit_iter12.py:323: Pas de produit avec assez de stock pour seuil 500k</skipped></testcase><testcase classname="tests.test_full_audit_iter12.TestRBACCreateUser" name="test_dg_cannot_create_user" time="0.263" /><testcase classname="tests.test_full_audit_iter12.TestRBACCreateUser" name="test_super_can_create_user_and_duplicate_email_409" time="0.259" /><testcase classname="tests.test_full_audit_iter12.TestSecurite" name="test_jwt_modified_returns_401" time="0.002" /><testcase classname="tests.test_full_audit_iter12.TestSecurite" name="test_injection_nosql_sur_recherche" time="0.004" /><testcase classname="tests.test_full_audit_iter12.TestPerformance" name="test_clients_page_100_under_500ms" time="0.005" /><testcase classname="tests.test_full_audit_iter12.TestPerformance" name="test_produits_under_500ms" time="0.004" /><testcase classname="tests.test_full_audit_iter12.TestPerformance" name="test_dashboard_stats_under_1500ms" time="0.002" /><testcase classname="tests.test_full_audit_iter12.TestCoherence" name="test_commande_detail_lignes_enrichies" time="0.014" /><testcase classname="tests.test_full_audit_iter12.TestErreurs" name="test_produit_inexistant_404_fr" time="0.002" /><testcase classname="tests.test_full_audit_iter12.TestErreurs" name="test_json_malforme_422_ou_400" time="0.001" /><testcase classname="tests.test_full_audit_iter12.TestErreurs" name="test_pas_de_stack_trace_dans_erreur" time="0.002" /></testsuite></testsuites>