<?xml version="1.0" encoding="utf-8"?><testsuites name="pytest tests"><testsuite name="pytest" errors="0" failures="1" skipped="0" tests="22" time="2.502" timestamp="2026-06-11T17:26:34.422796+00:00" hostname="agent-env-bfd7acdd-5f72-40cf-ab9c-915178680d3f"><testcase classname="backend.tests.test_v10_audit" name="test_health" time="0.223" /><testcase classname="backend.tests.test_v10_audit" name="test_login_super_admin" time="0.365" /><testcase classname="backend.tests.test_v10_audit" name="test_departements_returns_at_least_7" time="0.501" /><testcase classname="backend.tests.test_v10_audit" name="test_paie_calculer" time="0.142" /><testcase classname="backend.tests.test_v10_audit" name="test_notifications_count_unread" time="0.065"><failure message="AssertionError: {&quot;detail&quot;:&quot;Method Not Allowed&quot;}&#10;assert 405 == 200&#10; +  where 405 = &lt;Response [405]&gt;.status_code">backend/tests/test_v10_audit.py:74: in test_notifications_count_unread
    assert r.status_code == 200, r.text
E   AssertionError: {"detail":"Method Not Allowed"}
E   assert 405 == 200
E    +  where 405 = &lt;Response [405]&gt;.status_code</failure></testcase><testcase classname="backend.tests.test_v10_audit" name="test_notifications_list" time="0.056" /><testcase classname="backend.tests.test_v10_audit" name="test_fne_dashboard_stats" time="0.058" /><testcase classname="backend.tests.test_v10_audit" name="test_commande_cible_exists" time="0.096" /><testcase classname="backend.tests.test_v10_audit" name="test_generer_facture_endpoint_exists" time="0.067" /><testcase classname="backend.tests.test_v10_audit" name="test_convertir_facture_endpoint_exists" time="0.066" /><testcase classname="backend.tests.test_v10_audit" name="test_page_backend_endpoints[/api/produits]" time="0.058" /><testcase classname="backend.tests.test_v10_audit" name="test_page_backend_endpoints[/api/notifications]" time="0.048" /><testcase classname="backend.tests.test_v10_audit" name="test_page_backend_endpoints[/api/rh/employes]" time="0.067" /><testcase classname="backend.tests.test_v10_audit" name="test_page_backend_endpoints[/api/rh/departements]" time="0.051" /><testcase classname="backend.tests.test_v10_audit" name="test_page_backend_endpoints[/api/rh/missions]" time="0.053" /><testcase classname="backend.tests.test_v10_audit" name="test_page_backend_endpoints[/api/rh/conges]" time="0.051" /><testcase classname="backend.tests.test_v10_audit" name="test_page_backend_endpoints[/api/rh/absences]" time="0.087" /><testcase classname="backend.tests.test_v10_audit" name="test_page_backend_endpoints[/api/comptabilite/comptes]" time="0.055" /><testcase classname="backend.tests.test_v10_audit" name="test_page_backend_endpoints[/api/expeditions]" time="0.050" /><testcase classname="backend.tests.test_v10_audit" name="test_page_backend_endpoints[/api/fleet/vehicules]" time="0.048" /><testcase classname="backend.tests.test_v10_audit" name="test_page_backend_endpoints[/api/logistics-costs]" time="0.048" /><testcase classname="backend.tests.test_v10_audit" name="test_page_backend_endpoints[/api/file-storage/files]" time="0.050" /></testsuite></testsuites>